Flow report for Saharuk_5
Wed Nov 07 21:29:09 2018
Quartus II Version 9.1 Build 222 10/21/2009 SJ Web Edition


---------------------
; Table of Contents ;
---------------------
  1. Legal Notice
  2. Flow Summary
  3. Flow Settings
  4. Flow Non-Default Global Settings
  5. Flow Elapsed Time
  6. Flow OS Summary
  7. Flow Log



----------------
; Legal Notice ;
----------------
Copyright (C) 1991-2009 Altera Corporation
Your use of Altera Corporation's design tools, logic functions 
and other software and tools, and its AMPP partner logic 
functions, and any output files from any of the foregoing 
(including device programming or simulation files), and any 
associated documentation or information are expressly subject 
to the terms and conditions of the Altera Program License 
Subscription Agreement, Altera MegaCore Function License 
Agreement, or other applicable license agreement, including, 
without limitation, that your use is for the sole purpose of 
programming logic devices manufactured by Altera and sold by 
Altera or its authorized distributors.  Please refer to the 
applicable agreement for further details.



+-------------------------------------------------------------------------+
; Flow Summary                                                            ;
+-------------------------------+-----------------------------------------+
; Flow Status                   ; Successful - Wed Nov 07 21:29:09 2018   ;
; Quartus II Version            ; 9.1 Build 222 10/21/2009 SJ Web Edition ;
; Revision Name                 ; Saharuk_5                               ;
; Top-level Entity Name         ; Main                                    ;
; Family                        ; Stratix II                              ;
; Met timing requirements       ; N/A                                     ;
; Logic utilization             ; N/A                                     ;
;     Combinational ALUTs       ; 80                                      ;
;     Dedicated logic registers ; 53                                      ;
; Total registers               ; 53                                      ;
; Total pins                    ; 61                                      ;
; Total virtual pins            ; 0                                       ;
; Total block memory bits       ; 0                                       ;
; DSP block 9-bit elements      ; 0                                       ;
; Total PLLs                    ; 0                                       ;
; Total DLLs                    ; 0                                       ;
+-------------------------------+-----------------------------------------+


+-----------------------------------------+
; Flow Settings                           ;
+-------------------+---------------------+
; Option            ; Setting             ;
+-------------------+---------------------+
; Start date & time ; 11/07/2018 21:28:45 ;
; Main task         ; Compilation         ;
; Revision Name     ; Saharuk_5           ;
+-------------------+---------------------+


+---------------------------------------------------------------------------------------------------------------------+
; Flow Non-Default Global Settings                                                                                    ;
+------------------------------------+---------------------------------+---------------+-------------+----------------+
; Assignment Name                    ; Value                           ; Default Value ; Entity Name ; Section Id     ;
+------------------------------------+---------------------------------+---------------+-------------+----------------+
; COMPILER_SIGNATURE_ID              ; 264390077223549.154161532456460 ; --            ; --          ; --             ;
; IP_TOOL_NAME                       ; LPM_CONSTANT                    ; --            ; --          ; --             ;
; IP_TOOL_NAME                       ; LPM_COMPARE                     ; --            ; --          ; --             ;
; IP_TOOL_NAME                       ; LPM_COUNTER                     ; --            ; --          ; --             ;
; IP_TOOL_NAME                       ; LPM_CONSTANT                    ; --            ; --          ; --             ;
; IP_TOOL_NAME                       ; LPM_BUSTRI                      ; --            ; --          ; --             ;
; IP_TOOL_NAME                       ; LPM_COUNTER                     ; --            ; --          ; --             ;
; IP_TOOL_NAME                       ; LPM_COUNTER                     ; --            ; --          ; --             ;
; IP_TOOL_NAME                       ; LPM_DECODE                      ; --            ; --          ; --             ;
; IP_TOOL_NAME                       ; LPM_COUNTER                     ; --            ; --          ; --             ;
; IP_TOOL_NAME                       ; LPM_COMPARE                     ; --            ; --          ; --             ;
; IP_TOOL_NAME                       ; LPM_CONSTANT                    ; --            ; --          ; --             ;
; IP_TOOL_NAME                       ; LPM_CONSTANT                    ; --            ; --          ; --             ;
; IP_TOOL_NAME                       ; LPM_CONSTANT                    ; --            ; --          ; --             ;
; IP_TOOL_NAME                       ; LPM_CONSTANT                    ; --            ; --          ; --             ;
; IP_TOOL_NAME                       ; LPM_CONSTANT                    ; --            ; --          ; --             ;
; IP_TOOL_NAME                       ; LPM_CONSTANT                    ; --            ; --          ; --             ;
; IP_TOOL_NAME                       ; LPM_CONSTANT                    ; --            ; --          ; --             ;
; IP_TOOL_NAME                       ; LPM_CONSTANT                    ; --            ; --          ; --             ;
; IP_TOOL_NAME                       ; LPM_BUSTRI                      ; --            ; --          ; --             ;
; IP_TOOL_NAME                       ; LPM_CONSTANT                    ; --            ; --          ; --             ;
; IP_TOOL_NAME                       ; LPM_CONSTANT                    ; --            ; --          ; --             ;
; IP_TOOL_NAME                       ; LPM_CONSTANT                    ; --            ; --          ; --             ;
; IP_TOOL_NAME                       ; LPM_CONSTANT                    ; --            ; --          ; --             ;
; IP_TOOL_VERSION                    ; 9.1                             ; --            ; --          ; --             ;
; IP_TOOL_VERSION                    ; 9.1                             ; --            ; --          ; --             ;
; IP_TOOL_VERSION                    ; 9.1                             ; --            ; --          ; --             ;
; IP_TOOL_VERSION                    ; 9.1                             ; --            ; --          ; --             ;
; IP_TOOL_VERSION                    ; 9.1                             ; --            ; --          ; --             ;
; IP_TOOL_VERSION                    ; 9.1                             ; --            ; --          ; --             ;
; IP_TOOL_VERSION                    ; 9.1                             ; --            ; --          ; --             ;
; IP_TOOL_VERSION                    ; 9.1                             ; --            ; --          ; --             ;
; IP_TOOL_VERSION                    ; 9.1                             ; --            ; --          ; --             ;
; IP_TOOL_VERSION                    ; 9.1                             ; --            ; --          ; --             ;
; IP_TOOL_VERSION                    ; 9.1                             ; --            ; --          ; --             ;
; IP_TOOL_VERSION                    ; 9.1                             ; --            ; --          ; --             ;
; IP_TOOL_VERSION                    ; 9.1                             ; --            ; --          ; --             ;
; IP_TOOL_VERSION                    ; 9.1                             ; --            ; --          ; --             ;
; IP_TOOL_VERSION                    ; 9.1                             ; --            ; --          ; --             ;
; IP_TOOL_VERSION                    ; 9.1                             ; --            ; --          ; --             ;
; IP_TOOL_VERSION                    ; 9.1                             ; --            ; --          ; --             ;
; IP_TOOL_VERSION                    ; 9.1                             ; --            ; --          ; --             ;
; IP_TOOL_VERSION                    ; 9.1                             ; --            ; --          ; --             ;
; IP_TOOL_VERSION                    ; 9.1                             ; --            ; --          ; --             ;
; IP_TOOL_VERSION                    ; 9.1                             ; --            ; --          ; --             ;
; IP_TOOL_VERSION                    ; 9.1                             ; --            ; --          ; --             ;
; IP_TOOL_VERSION                    ; 9.1                             ; --            ; --          ; --             ;
; MISC_FILE                          ; Const4.bsf                      ; --            ; --          ; --             ;
; MISC_FILE                          ; Const4.cmp                      ; --            ; --          ; --             ;
; MISC_FILE                          ; Compare4.bsf                    ; --            ; --          ; --             ;
; MISC_FILE                          ; Compare4.cmp                    ; --            ; --          ; --             ;
; MISC_FILE                          ; lpm_counter0.bsf                ; --            ; --          ; --             ;
; MISC_FILE                          ; lpm_counter0.cmp                ; --            ; --          ; --             ;
; MISC_FILE                          ; Constant0.bsf                   ; --            ; --          ; --             ;
; MISC_FILE                          ; Constant0.cmp                   ; --            ; --          ; --             ;
; MISC_FILE                          ; lpm_bustri0.bsf                 ; --            ; --          ; --             ;
; MISC_FILE                          ; lpm_bustri0.cmp                 ; --            ; --          ; --             ;
; MISC_FILE                          ; lpm_counter1.bsf                ; --            ; --          ; --             ;
; MISC_FILE                          ; lpm_counter1.cmp                ; --            ; --          ; --             ;
; MISC_FILE                          ; lpm_counter2.bsf                ; --            ; --          ; --             ;
; MISC_FILE                          ; lpm_counter2.cmp                ; --            ; --          ; --             ;
; MISC_FILE                          ; lpm_decode0.bsf                 ; --            ; --          ; --             ;
; MISC_FILE                          ; lpm_decode0.cmp                 ; --            ; --          ; --             ;
; MISC_FILE                          ; lpm_counter3.bsf                ; --            ; --          ; --             ;
; MISC_FILE                          ; lpm_counter3.cmp                ; --            ; --          ; --             ;
; MISC_FILE                          ; Compare2.bsf                    ; --            ; --          ; --             ;
; MISC_FILE                          ; Compare2.cmp                    ; --            ; --          ; --             ;
; MISC_FILE                          ; Constant0_3.bsf                 ; --            ; --          ; --             ;
; MISC_FILE                          ; Constant0_3.cmp                 ; --            ; --          ; --             ;
; MISC_FILE                          ; Constant17.bsf                  ; --            ; --          ; --             ;
; MISC_FILE                          ; Constant17.cmp                  ; --            ; --          ; --             ;
; MISC_FILE                          ; Constant1.bsf                   ; --            ; --          ; --             ;
; MISC_FILE                          ; Constant1.cmp                   ; --            ; --          ; --             ;
; MISC_FILE                          ; Constant2.bsf                   ; --            ; --          ; --             ;
; MISC_FILE                          ; Constant2.cmp                   ; --            ; --          ; --             ;
; MISC_FILE                          ; Constant23.bsf                  ; --            ; --          ; --             ;
; MISC_FILE                          ; Constant23.cmp                  ; --            ; --          ; --             ;
; MISC_FILE                          ; Constant11.bsf                  ; --            ; --          ; --             ;
; MISC_FILE                          ; Constant11.cmp                  ; --            ; --          ; --             ;
; MISC_FILE                          ; Constant3.bsf                   ; --            ; --          ; --             ;
; MISC_FILE                          ; Constant3.cmp                   ; --            ; --          ; --             ;
; MISC_FILE                          ; Con0.bsf                        ; --            ; --          ; --             ;
; MISC_FILE                          ; Con0.cmp                        ; --            ; --          ; --             ;
; MISC_FILE                          ; lpm_bustri1.bsf                 ; --            ; --          ; --             ;
; MISC_FILE                          ; lpm_bustri1.cmp                 ; --            ; --          ; --             ;
; MISC_FILE                          ; Con1.bsf                        ; --            ; --          ; --             ;
; MISC_FILE                          ; Con1.cmp                        ; --            ; --          ; --             ;
; MISC_FILE                          ; Con3.bsf                        ; --            ; --          ; --             ;
; MISC_FILE                          ; Con3.cmp                        ; --            ; --          ; --             ;
; MISC_FILE                          ; Con2.bsf                        ; --            ; --          ; --             ;
; MISC_FILE                          ; Con2.cmp                        ; --            ; --          ; --             ;
; MISC_FILE                          ; Con4.bsf                        ; --            ; --          ; --             ;
; MISC_FILE                          ; Con4.cmp                        ; --            ; --          ; --             ;
; PARTITION_COLOR                    ; 16764057                        ; --            ; Main        ; Top            ;
; PARTITION_NETLIST_TYPE             ; SOURCE                          ; --            ; Main        ; Top            ;
; TOP_LEVEL_ENTITY                   ; Main                            ; Saharuk_5     ; --          ; --             ;
; USE_GENERATED_PHYSICAL_CONSTRAINTS ; Off                             ; --            ; --          ; eda_blast_fpga ;
+------------------------------------+---------------------------------+---------------+-------------+----------------+


+--------------------------------------------------------------------------------------------------------------------------+
; Flow Elapsed Time                                                                                                        ;
+----------------------+--------------+-------------------------+---------------------+------------------------------------+
; Module Name          ; Elapsed Time ; Average Processors Used ; Peak Virtual Memory ; Total CPU Time (on all processors) ;
+----------------------+--------------+-------------------------+---------------------+------------------------------------+
; Analysis & Synthesis ; 00:00:25     ; 1.0                     ; 280 MB              ; 00:00:18                           ;
; Total                ; 00:00:25     ; --                      ; --                  ; 00:00:18                           ;
+----------------------+--------------+-------------------------+---------------------+------------------------------------+


+---------------------------------------------------------------------------------------+
; Flow OS Summary                                                                       ;
+----------------------+------------------+---------------+------------+----------------+
; Module Name          ; Machine Hostname ; OS Name       ; OS Version ; Processor type ;
+----------------------+------------------+---------------+------------+----------------+
; Analysis & Synthesis ; DESKTOP-QAMEKB6  ; Windows Vista ; 6.2        ; x86_64         ;
+----------------------+------------------+---------------+------------+----------------+


------------
; Flow Log ;
------------
quartus_map --read_settings_files=on --write_settings_files=off Saharuk_5 -c Saharuk_5



