Flow report for lab4
Wed Oct 24 00:42:29 2018
Quartus II Version 9.1 Build 222 10/21/2009 SJ Web Edition


---------------------
; Table of Contents ;
---------------------
  1. Legal Notice
  2. Flow Summary
  3. Flow Settings
  4. Flow Non-Default Global Settings
  5. Flow Elapsed Time
  6. Flow OS Summary
  7. Flow Log



----------------
; Legal Notice ;
----------------
Copyright (C) 1991-2009 Altera Corporation
Your use of Altera Corporation's design tools, logic functions 
and other software and tools, and its AMPP partner logic 
functions, and any output files from any of the foregoing 
(including device programming or simulation files), and any 
associated documentation or information are expressly subject 
to the terms and conditions of the Altera Program License 
Subscription Agreement, Altera MegaCore Function License 
Agreement, or other applicable license agreement, including, 
without limitation, that your use is for the sole purpose of 
programming logic devices manufactured by Altera and sold by 
Altera or its authorized distributors.  Please refer to the 
applicable agreement for further details.



+--------------------------------------------------------------------+
; Flow Summary                                                       ;
+--------------------------+-----------------------------------------+
; Flow Status              ; Successful - Wed Oct 24 00:42:29 2018   ;
; Quartus II Version       ; 9.1 Build 222 10/21/2009 SJ Web Edition ;
; Revision Name            ; lab4                                    ;
; Top-level Entity Name    ; LAB4_Start                              ;
; Family                   ; Stratix                                 ;
; Met timing requirements  ; N/A                                     ;
; Total logic elements     ; 261                                     ;
; Total pins               ; 100                                     ;
; Total virtual pins       ; 0                                       ;
; Total memory bits        ; 4,608                                   ;
; DSP block 9-bit elements ; 0                                       ;
; Total PLLs               ; 0                                       ;
; Total DLLs               ; 0                                       ;
+--------------------------+-----------------------------------------+


+-----------------------------------------+
; Flow Settings                           ;
+-------------------+---------------------+
; Option            ; Setting             ;
+-------------------+---------------------+
; Start date & time ; 10/24/2018 00:42:25 ;
; Main task         ; Compilation         ;
; Revision Name     ; lab4                ;
+-------------------+---------------------+


+--------------------------------------------------------------------------------------------------------------------+
; Flow Non-Default Global Settings                                                                                   ;
+------------------------------------+--------------------------------+---------------+-------------+----------------+
; Assignment Name                    ; Value                          ; Default Value ; Entity Name ; Section Id     ;
+------------------------------------+--------------------------------+---------------+-------------+----------------+
; COMPILER_SIGNATURE_ID              ; 88491858680169.154033094416924 ; --            ; --          ; --             ;
; IP_TOOL_NAME                       ; LPM_FF                         ; --            ; --          ; --             ;
; IP_TOOL_NAME                       ; LPM_DECODE                     ; --            ; --          ; --             ;
; IP_TOOL_NAME                       ; LPM_ROM                        ; --            ; --          ; --             ;
; IP_TOOL_NAME                       ; LPM_FF                         ; --            ; --          ; --             ;
; IP_TOOL_NAME                       ; LPM_FF                         ; --            ; --          ; --             ;
; IP_TOOL_NAME                       ; LPM_ROM                        ; --            ; --          ; --             ;
; IP_TOOL_NAME                       ; LPM_DECODE                     ; --            ; --          ; --             ;
; IP_TOOL_NAME                       ; LPM_RAM_DQ                     ; --            ; --          ; --             ;
; IP_TOOL_NAME                       ; LPM_DECODE                     ; --            ; --          ; --             ;
; IP_TOOL_NAME                       ; LPM_BUSTRI                     ; --            ; --          ; --             ;
; IP_TOOL_NAME                       ; LPM_DECODE                     ; --            ; --          ; --             ;
; IP_TOOL_NAME                       ; LPM_DECODE                     ; --            ; --          ; --             ;
; IP_TOOL_NAME                       ; LPM_BUSTRI                     ; --            ; --          ; --             ;
; IP_TOOL_NAME                       ; LPM_BUSTRI                     ; --            ; --          ; --             ;
; IP_TOOL_NAME                       ; LPM_BUSTRI                     ; --            ; --          ; --             ;
; IP_TOOL_NAME                       ; LPM_MUX                        ; --            ; --          ; --             ;
; IP_TOOL_NAME                       ; LPM_BUSTRI                     ; --            ; --          ; --             ;
; IP_TOOL_NAME                       ; LPM_MUX                        ; --            ; --          ; --             ;
; IP_TOOL_NAME                       ; LPM_BUSTRI                     ; --            ; --          ; --             ;
; IP_TOOL_NAME                       ; LPM_BUSTRI                     ; --            ; --          ; --             ;
; IP_TOOL_NAME                       ; LPM_BUSTRI                     ; --            ; --          ; --             ;
; IP_TOOL_NAME                       ; LPM_FF                         ; --            ; --          ; --             ;
; IP_TOOL_NAME                       ; LPM_MUX                        ; --            ; --          ; --             ;
; IP_TOOL_NAME                       ; ALTECC                         ; --            ; --          ; --             ;
; IP_TOOL_NAME                       ; LPM_MUX                        ; --            ; --          ; --             ;
; IP_TOOL_NAME                       ; LPM_CONSTANT                   ; --            ; --          ; --             ;
; IP_TOOL_NAME                       ; LPM_CONSTANT                   ; --            ; --          ; --             ;
; IP_TOOL_NAME                       ; LPM_CONSTANT                   ; --            ; --          ; --             ;
; IP_TOOL_NAME                       ; LPM_CONSTANT                   ; --            ; --          ; --             ;
; IP_TOOL_NAME                       ; LPM_CONSTANT                   ; --            ; --          ; --             ;
; IP_TOOL_NAME                       ; LPM_COMPARE                    ; --            ; --          ; --             ;
; IP_TOOL_NAME                       ; LPM_COMPARE                    ; --            ; --          ; --             ;
; IP_TOOL_NAME                       ; LPM_COMPARE                    ; --            ; --          ; --             ;
; IP_TOOL_NAME                       ; LPM_MUX                        ; --            ; --          ; --             ;
; IP_TOOL_NAME                       ; LPM_BUSTRI                     ; --            ; --          ; --             ;
; IP_TOOL_NAME                       ; LPM_ADD_SUB                    ; --            ; --          ; --             ;
; IP_TOOL_NAME                       ; LPM_FF                         ; --            ; --          ; --             ;
; IP_TOOL_NAME                       ; LPM_FF                         ; --            ; --          ; --             ;
; IP_TOOL_NAME                       ; LPM_FF                         ; --            ; --          ; --             ;
; IP_TOOL_NAME                       ; LPM_MUX                        ; --            ; --          ; --             ;
; IP_TOOL_NAME                       ; LPM_MUX                        ; --            ; --          ; --             ;
; IP_TOOL_VERSION                    ; 9.1                            ; --            ; --          ; --             ;
; IP_TOOL_VERSION                    ; 9.1                            ; --            ; --          ; --             ;
; IP_TOOL_VERSION                    ; 9.1                            ; --            ; --          ; --             ;
; IP_TOOL_VERSION                    ; 9.1                            ; --            ; --          ; --             ;
; IP_TOOL_VERSION                    ; 9.1                            ; --            ; --          ; --             ;
; IP_TOOL_VERSION                    ; 9.1                            ; --            ; --          ; --             ;
; IP_TOOL_VERSION                    ; 9.1                            ; --            ; --          ; --             ;
; IP_TOOL_VERSION                    ; 9.1                            ; --            ; --          ; --             ;
; IP_TOOL_VERSION                    ; 9.1                            ; --            ; --          ; --             ;
; IP_TOOL_VERSION                    ; 9.1                            ; --            ; --          ; --             ;
; IP_TOOL_VERSION                    ; 9.1                            ; --            ; --          ; --             ;
; IP_TOOL_VERSION                    ; 9.1                            ; --            ; --          ; --             ;
; IP_TOOL_VERSION                    ; 9.1                            ; --            ; --          ; --             ;
; IP_TOOL_VERSION                    ; 9.1                            ; --            ; --          ; --             ;
; IP_TOOL_VERSION                    ; 9.1                            ; --            ; --          ; --             ;
; IP_TOOL_VERSION                    ; 9.1                            ; --            ; --          ; --             ;
; IP_TOOL_VERSION                    ; 9.1                            ; --            ; --          ; --             ;
; IP_TOOL_VERSION                    ; 9.1                            ; --            ; --          ; --             ;
; IP_TOOL_VERSION                    ; 9.1                            ; --            ; --          ; --             ;
; IP_TOOL_VERSION                    ; 9.1                            ; --            ; --          ; --             ;
; IP_TOOL_VERSION                    ; 9.1                            ; --            ; --          ; --             ;
; IP_TOOL_VERSION                    ; 9.1                            ; --            ; --          ; --             ;
; IP_TOOL_VERSION                    ; 9.1                            ; --            ; --          ; --             ;
; IP_TOOL_VERSION                    ; 9.1                            ; --            ; --          ; --             ;
; IP_TOOL_VERSION                    ; 9.1                            ; --            ; --          ; --             ;
; IP_TOOL_VERSION                    ; 9.1                            ; --            ; --          ; --             ;
; IP_TOOL_VERSION                    ; 9.1                            ; --            ; --          ; --             ;
; IP_TOOL_VERSION                    ; 9.1                            ; --            ; --          ; --             ;
; IP_TOOL_VERSION                    ; 9.1                            ; --            ; --          ; --             ;
; IP_TOOL_VERSION                    ; 9.1                            ; --            ; --          ; --             ;
; IP_TOOL_VERSION                    ; 9.1                            ; --            ; --          ; --             ;
; IP_TOOL_VERSION                    ; 9.1                            ; --            ; --          ; --             ;
; IP_TOOL_VERSION                    ; 9.1                            ; --            ; --          ; --             ;
; IP_TOOL_VERSION                    ; 9.1                            ; --            ; --          ; --             ;
; IP_TOOL_VERSION                    ; 9.1                            ; --            ; --          ; --             ;
; IP_TOOL_VERSION                    ; 9.1                            ; --            ; --          ; --             ;
; IP_TOOL_VERSION                    ; 9.1                            ; --            ; --          ; --             ;
; IP_TOOL_VERSION                    ; 9.1                            ; --            ; --          ; --             ;
; IP_TOOL_VERSION                    ; 9.1                            ; --            ; --          ; --             ;
; IP_TOOL_VERSION                    ; 9.1                            ; --            ; --          ; --             ;
; IP_TOOL_VERSION                    ; 9.1                            ; --            ; --          ; --             ;
; MISC_FILE                          ; lpm_dff0.bsf                   ; --            ; --          ; --             ;
; MISC_FILE                          ; lpm_dff0.cmp                   ; --            ; --          ; --             ;
; MISC_FILE                          ; lpm_decode0.bsf                ; --            ; --          ; --             ;
; MISC_FILE                          ; lpm_decode0.cmp                ; --            ; --          ; --             ;
; MISC_FILE                          ; lpm_rom0.bsf                   ; --            ; --          ; --             ;
; MISC_FILE                          ; lpm_rom0.cmp                   ; --            ; --          ; --             ;
; MISC_FILE                          ; lpm_dff1.bsf                   ; --            ; --          ; --             ;
; MISC_FILE                          ; lpm_dff1.cmp                   ; --            ; --          ; --             ;
; MISC_FILE                          ; lpm_dff2.bsf                   ; --            ; --          ; --             ;
; MISC_FILE                          ; lpm_dff2.cmp                   ; --            ; --          ; --             ;
; MISC_FILE                          ; lpm_rom1.bsf                   ; --            ; --          ; --             ;
; MISC_FILE                          ; lpm_rom1.cmp                   ; --            ; --          ; --             ;
; MISC_FILE                          ; lpm_decode2.bsf                ; --            ; --          ; --             ;
; MISC_FILE                          ; lpm_decode2.cmp                ; --            ; --          ; --             ;
; MISC_FILE                          ; lpm_ram_dq0.bsf                ; --            ; --          ; --             ;
; MISC_FILE                          ; lpm_ram_dq0.cmp                ; --            ; --          ; --             ;
; MISC_FILE                          ; lpm_decode3.bsf                ; --            ; --          ; --             ;
; MISC_FILE                          ; lpm_decode3.cmp                ; --            ; --          ; --             ;
; MISC_FILE                          ; lpm_bustri0.bsf                ; --            ; --          ; --             ;
; MISC_FILE                          ; lpm_bustri0.cmp                ; --            ; --          ; --             ;
; MISC_FILE                          ; lpm_decode4.bsf                ; --            ; --          ; --             ;
; MISC_FILE                          ; lpm_decode4.cmp                ; --            ; --          ; --             ;
; MISC_FILE                          ; lpm_decode5.bsf                ; --            ; --          ; --             ;
; MISC_FILE                          ; lpm_decode5.cmp                ; --            ; --          ; --             ;
; MISC_FILE                          ; lpm_bustri1.bsf                ; --            ; --          ; --             ;
; MISC_FILE                          ; lpm_bustri1.cmp                ; --            ; --          ; --             ;
; MISC_FILE                          ; lpm_bustri2.bsf                ; --            ; --          ; --             ;
; MISC_FILE                          ; lpm_bustri2.cmp                ; --            ; --          ; --             ;
; MISC_FILE                          ; lpm_bustri3.bsf                ; --            ; --          ; --             ;
; MISC_FILE                          ; lpm_bustri3.cmp                ; --            ; --          ; --             ;
; MISC_FILE                          ; lpm_mux0.bsf                   ; --            ; --          ; --             ;
; MISC_FILE                          ; lpm_mux0.cmp                   ; --            ; --          ; --             ;
; MISC_FILE                          ; lpm_bustri4.bsf                ; --            ; --          ; --             ;
; MISC_FILE                          ; lpm_bustri4.cmp                ; --            ; --          ; --             ;
; MISC_FILE                          ; lpm_mux1.bsf                   ; --            ; --          ; --             ;
; MISC_FILE                          ; lpm_mux1.cmp                   ; --            ; --          ; --             ;
; MISC_FILE                          ; lpm_bustri5.bsf                ; --            ; --          ; --             ;
; MISC_FILE                          ; lpm_bustri5.cmp                ; --            ; --          ; --             ;
; MISC_FILE                          ; lpm_bustri6.bsf                ; --            ; --          ; --             ;
; MISC_FILE                          ; lpm_bustri6.cmp                ; --            ; --          ; --             ;
; MISC_FILE                          ; lpm_bustri7.bsf                ; --            ; --          ; --             ;
; MISC_FILE                          ; lpm_bustri7.cmp                ; --            ; --          ; --             ;
; MISC_FILE                          ; lpm_dff3.bsf                   ; --            ; --          ; --             ;
; MISC_FILE                          ; lpm_dff3.cmp                   ; --            ; --          ; --             ;
; MISC_FILE                          ; lpm_mux2.bsf                   ; --            ; --          ; --             ;
; MISC_FILE                          ; lpm_mux2.cmp                   ; --            ; --          ; --             ;
; MISC_FILE                          ; altecc_encoder0.bsf            ; --            ; --          ; --             ;
; MISC_FILE                          ; altecc_encoder0.cmp            ; --            ; --          ; --             ;
; MISC_FILE                          ; lpm_mux3.bsf                   ; --            ; --          ; --             ;
; MISC_FILE                          ; lpm_mux3.cmp                   ; --            ; --          ; --             ;
; MISC_FILE                          ; lpm_constant0.bsf              ; --            ; --          ; --             ;
; MISC_FILE                          ; lpm_constant0.cmp              ; --            ; --          ; --             ;
; MISC_FILE                          ; lpm_constant1.bsf              ; --            ; --          ; --             ;
; MISC_FILE                          ; lpm_constant1.cmp              ; --            ; --          ; --             ;
; MISC_FILE                          ; lpm_constant2.bsf              ; --            ; --          ; --             ;
; MISC_FILE                          ; lpm_constant2.cmp              ; --            ; --          ; --             ;
; MISC_FILE                          ; lpm_constant3.bsf              ; --            ; --          ; --             ;
; MISC_FILE                          ; lpm_constant3.cmp              ; --            ; --          ; --             ;
; MISC_FILE                          ; lpm_constant4.bsf              ; --            ; --          ; --             ;
; MISC_FILE                          ; lpm_constant4.cmp              ; --            ; --          ; --             ;
; MISC_FILE                          ; lpm_compare0.bsf               ; --            ; --          ; --             ;
; MISC_FILE                          ; lpm_compare0.cmp               ; --            ; --          ; --             ;
; MISC_FILE                          ; lpm_compare1.bsf               ; --            ; --          ; --             ;
; MISC_FILE                          ; lpm_compare1.cmp               ; --            ; --          ; --             ;
; MISC_FILE                          ; lpm_compare2.bsf               ; --            ; --          ; --             ;
; MISC_FILE                          ; lpm_compare2.cmp               ; --            ; --          ; --             ;
; MISC_FILE                          ; lpm_mux4.bsf                   ; --            ; --          ; --             ;
; MISC_FILE                          ; lpm_mux4.cmp                   ; --            ; --          ; --             ;
; MISC_FILE                          ; lpm_bustri8.bsf                ; --            ; --          ; --             ;
; MISC_FILE                          ; lpm_bustri8.cmp                ; --            ; --          ; --             ;
; MISC_FILE                          ; lpm_add_sub0.bsf               ; --            ; --          ; --             ;
; MISC_FILE                          ; lpm_add_sub0.cmp               ; --            ; --          ; --             ;
; MISC_FILE                          ; lpm_dff4.bsf                   ; --            ; --          ; --             ;
; MISC_FILE                          ; lpm_dff4.cmp                   ; --            ; --          ; --             ;
; MISC_FILE                          ; lpm_dff5.bsf                   ; --            ; --          ; --             ;
; MISC_FILE                          ; lpm_dff5.cmp                   ; --            ; --          ; --             ;
; MISC_FILE                          ; lpm_dff6.bsf                   ; --            ; --          ; --             ;
; MISC_FILE                          ; lpm_dff6.cmp                   ; --            ; --          ; --             ;
; MISC_FILE                          ; lpm_mux5.bsf                   ; --            ; --          ; --             ;
; MISC_FILE                          ; lpm_mux5.cmp                   ; --            ; --          ; --             ;
; MISC_FILE                          ; lpm_mux6.bsf                   ; --            ; --          ; --             ;
; MISC_FILE                          ; lpm_mux6.cmp                   ; --            ; --          ; --             ;
; PARTITION_COLOR                    ; 16764057                       ; --            ; LAB4_Start  ; Top            ;
; PARTITION_NETLIST_TYPE             ; SOURCE                         ; --            ; LAB4_Start  ; Top            ;
; TOP_LEVEL_ENTITY                   ; LAB4_Start                     ; lab4          ; --          ; --             ;
; USE_GENERATED_PHYSICAL_CONSTRAINTS ; Off                            ; --            ; --          ; eda_blast_fpga ;
+------------------------------------+--------------------------------+---------------+-------------+----------------+


+--------------------------------------------------------------------------------------------------------------------------+
; Flow Elapsed Time                                                                                                        ;
+----------------------+--------------+-------------------------+---------------------+------------------------------------+
; Module Name          ; Elapsed Time ; Average Processors Used ; Peak Virtual Memory ; Total CPU Time (on all processors) ;
+----------------------+--------------+-------------------------+---------------------+------------------------------------+
; Analysis & Synthesis ; 00:00:05     ; 1.0                     ; 294 MB              ; 00:00:05                           ;
; Total                ; 00:00:05     ; --                      ; --                  ; 00:00:05                           ;
+----------------------+--------------+-------------------------+---------------------+------------------------------------+


+---------------------------------------------------------------------------------------+
; Flow OS Summary                                                                       ;
+----------------------+------------------+---------------+------------+----------------+
; Module Name          ; Machine Hostname ; OS Name       ; OS Version ; Processor type ;
+----------------------+------------------+---------------+------------+----------------+
; Analysis & Synthesis ; DESKTOP-F97C84S  ; Windows Vista ; 6.2        ; x86_64         ;
+----------------------+------------------+---------------+------------+----------------+


------------
; Flow Log ;
------------
quartus_map --read_settings_files=on --write_settings_files=off lab4 -c lab4



